<?xml version="1.0" encoding="UTF-8"?>
<testsuite name="TestCoin" tests="1" skipped="0" failures="0" errors="0" timestamp="2016-04-21T18:23:46" hostname="epicodus-44.local" time="0.001">
  <properties/>
  <testcase name="runCoin_testForOneQuarter_1_0_0_0" classname="TestCoin" time="0.001"/>
  <system-out><![CDATA[]]></system-out>
  <system-err><![CDATA[]]></system-err>
</testsuite>
